<?xml version="1.0" encoding="UTF-8"?>
<!-- Generated by org.testng.reporters.JUnitReportReporter -->
<testsuite hostname="DESKTOP-G7O44RL" failures="0" tests="1" name="TestCases.LoginTest2" time="1.360" errors="0" timestamp="2024-01-08T12:53:33 IST" skipped="0">
  <testcase classname="TestCases.LoginTest2" name="logintest" time="1.360"/>
</testsuite> <!-- TestCases.LoginTest2 -->
